0 info it worked if it ends with ok
1 verbose cli [ 'C:\\Program Files\\nodejs\\node.exe',
1 verbose cli   'C:\\Program Files\\nodejs\\node_modules\\npm\\bin\\npm-cli.js',
1 verbose cli   'install',
1 verbose cli   '--save',
1 verbose cli   'clipboard.js' ]
2 info using npm@2.14.12
3 info using node@v4.2.4
4 verbose install initial load of E:\polling working\package.json
5 warn package.json node-authentication@ No description
6 warn package.json node-authentication@ No repository field.
7 warn package.json node-authentication@ No README data
8 warn package.json node-authentication@ No license field.
9 verbose installManyTop reading scoped package data from E:\polling working\node_modules\angular-chart.js\package.json
10 verbose installManyTop reading scoped package data from E:\polling working\node_modules\bcrypt-nodejs\package.json
11 verbose installManyTop reading scoped package data from E:\polling working\node_modules\body-parser\package.json
12 verbose installManyTop reading scoped package data from E:\polling working\node_modules\chart.js\package.json
13 verbose installManyTop reading scoped package data from E:\polling working\node_modules\clipboard\package.json
14 verbose installManyTop reading scoped package data from E:\polling working\node_modules\connect-flash\package.json
15 verbose installManyTop reading scoped package data from E:\polling working\node_modules\cookie-parser\package.json
16 verbose installManyTop reading scoped package data from E:\polling working\node_modules\easyimage\package.json
17 verbose installManyTop reading scoped package data from E:\polling working\node_modules\ejs\package.json
18 verbose installManyTop reading scoped package data from E:\polling working\node_modules\express\package.json
19 verbose installManyTop reading scoped package data from E:\polling working\node_modules\express-session\package.json
20 verbose installManyTop reading scoped package data from E:\polling working\node_modules\gm\package.json
21 verbose installManyTop reading scoped package data from E:\polling working\node_modules\imagemagick\package.json
22 verbose installManyTop reading scoped package data from E:\polling working\node_modules\method-override\package.json
23 verbose installManyTop reading scoped package data from E:\polling working\node_modules\mongoose\package.json
24 verbose installManyTop reading scoped package data from E:\polling working\node_modules\morgan\package.json
25 verbose installManyTop reading scoped package data from E:\polling working\node_modules\multer\package.json
26 verbose installManyTop reading scoped package data from E:\polling working\node_modules\passport\package.json
27 verbose installManyTop reading scoped package data from E:\polling working\node_modules\passport-facebook\package.json
28 verbose installManyTop reading scoped package data from E:\polling working\node_modules\passport-google-oauth\package.json
29 verbose installManyTop reading scoped package data from E:\polling working\node_modules\passport-local\package.json
30 verbose installManyTop reading scoped package data from E:\polling working\node_modules\passport-twitter\package.json
31 verbose installManyTop reading scoped package data from E:\polling working\node_modules\socket.io\package.json
32 info package.json bcrypt-nodejs@0.0.3 No license field.
33 info package.json connect-flash@0.1.1 No license field.
34 info package.json cookie-parser@1.0.1 No license field.
35 info package.json ejs@0.8.8 No license field.
36 info package.json imagemagick@0.1.3 No license field.
37 info package.json mongoose@3.8.40 No license field.
38 info package.json passport@0.1.18 No license field.
39 info package.json passport-facebook@1.0.3 No license field.
40 info package.json passport-google-oauth@0.1.5 No license field.
41 info package.json passport-local@0.1.6 No license field.
42 info package.json socket.io@0.9.17 No license field.
43 verbose readDependencies loading dependencies from E:\polling working\package.json
44 silly cache add args [ 'clipboard.js', null ]
45 verbose cache add spec clipboard.js
46 silly cache add parsed spec Result {
46 silly cache add   raw: 'clipboard.js',
46 silly cache add   scope: null,
46 silly cache add   name: 'clipboard.js',
46 silly cache add   rawSpec: '',
46 silly cache add   spec: 'latest',
46 silly cache add   type: 'tag' }
47 silly addNamed clipboard.js@latest
48 verbose addNamed "latest" is being treated as a dist-tag for clipboard.js
49 info addNameTag [ 'clipboard.js', 'latest' ]
50 silly mapToRegistry name clipboard.js
51 silly mapToRegistry using default registry
52 silly mapToRegistry registry https://registry.npmjs.org/
53 silly mapToRegistry uri https://registry.npmjs.org/clipboard.js
54 verbose addNameTag registry:https://registry.npmjs.org/clipboard.js not in flight; fetching
55 verbose request uri https://registry.npmjs.org/clipboard.js
56 verbose request no auth needed
57 info attempt registry request try #1 at 2:48:29 PM
58 verbose request id cb56debd165d91a5
59 http request GET https://registry.npmjs.org/clipboard.js
60 http 404 https://registry.npmjs.org/clipboard.js
61 verbose headers { 'content-type': 'application/json',
61 verbose headers   'cache-control': 'max-age=0',
61 verbose headers   'content-length': '2',
61 verbose headers   'accept-ranges': 'bytes',
61 verbose headers   date: 'Tue, 30 Aug 2016 09:18:31 GMT',
61 verbose headers   via: '1.1 varnish',
61 verbose headers   age: '0',
61 verbose headers   connection: 'close',
61 verbose headers   'x-served-by': 'cache-nrt6132-NRT',
61 verbose headers   'x-cache': 'MISS',
61 verbose headers   'x-cache-hits': '0',
61 verbose headers   'x-timer': 'S1472548711.331575,VS0,VE183',
61 verbose headers   vary: 'Accept-Encoding' }
62 silly get cb [ 404,
62 silly get   { 'content-type': 'application/json',
62 silly get     'cache-control': 'max-age=0',
62 silly get     'content-length': '2',
62 silly get     'accept-ranges': 'bytes',
62 silly get     date: 'Tue, 30 Aug 2016 09:18:31 GMT',
62 silly get     via: '1.1 varnish',
62 silly get     age: '0',
62 silly get     connection: 'close',
62 silly get     'x-served-by': 'cache-nrt6132-NRT',
62 silly get     'x-cache': 'MISS',
62 silly get     'x-cache-hits': '0',
62 silly get     'x-timer': 'S1472548711.331575,VS0,VE183',
62 silly get     vary: 'Accept-Encoding' } ]
63 verbose stack Error: Registry returned 404 for GET on https://registry.npmjs.org/clipboard.js
63 verbose stack     at makeError (C:\Program Files\nodejs\node_modules\npm\node_modules\npm-registry-client\lib\request.js:264:12)
63 verbose stack     at CachingRegistryClient.<anonymous> (C:\Program Files\nodejs\node_modules\npm\node_modules\npm-registry-client\lib\request.js:242:14)
63 verbose stack     at Request._callback (C:\Program Files\nodejs\node_modules\npm\node_modules\npm-registry-client\lib\request.js:172:14)
63 verbose stack     at Request.self.callback (C:\Program Files\nodejs\node_modules\npm\node_modules\request\request.js:198:22)
63 verbose stack     at emitTwo (events.js:87:13)
63 verbose stack     at Request.emit (events.js:172:7)
63 verbose stack     at Request.<anonymous> (C:\Program Files\nodejs\node_modules\npm\node_modules\request\request.js:1082:10)
63 verbose stack     at emitOne (events.js:82:20)
63 verbose stack     at Request.emit (events.js:169:7)
63 verbose stack     at IncomingMessage.<anonymous> (C:\Program Files\nodejs\node_modules\npm\node_modules\request\request.js:1009:12)
64 verbose statusCode 404
65 verbose pkgid clipboard.js
66 verbose cwd E:\polling working
67 error Windows_NT 6.1.7601
68 error argv "C:\\Program Files\\nodejs\\node.exe" "C:\\Program Files\\nodejs\\node_modules\\npm\\bin\\npm-cli.js" "install" "--save" "clipboard.js"
69 error node v4.2.4
70 error npm  v2.14.12
71 error code E404
72 error 404 Registry returned 404 for GET on https://registry.npmjs.org/clipboard.js
72 error 404
72 error 404 'clipboard.js' is not in the npm registry.
72 error 404 You should bug the author to publish it (or use the name yourself!)
72 error 404 It was specified as a dependency of 'node-authentication'
72 error 404
72 error 404 Note that you can also install from a
72 error 404 tarball, folder, http url, or git url.
73 verbose exit [ 1, true ]
